<?xml version="1.0" encoding="UTF-8" ?>
<testsuite errors="0" failures="0" hostname="cbwapp-p1001" name="TestLogin" tests="1" time="5.296" timestamp="2009-05-19T17:13:08">
  <properties>
    <property name="java.vendor" value="Sun Microsystems Inc." />
    <property name="sun.management.compiler" value="HotSpot Client Compiler" />
    <property name="env.PROMPT" value="$P$G" />
    <property name="os.name" value="Windows 2003" />
    <property name="env.FP_NO_HOST_CHECK" value="NO" />
    <property name="sun.boot.class.path" value="C:\Program Files\Java\jdk1.5.0_10\jre\lib\rt.jar;C:\Program Files\Java\jdk1.5.0_10\jre\lib\i18n.jar;C:\Program Files\Java\jdk1.5.0_10\jre\lib\sunrsasign.jar;C:\Program Files\Java\jdk1.5.0_10\jre\lib\jsse.jar;C:\Program Files\Java\jdk1.5.0_10\jre\lib\jce.jar;C:\Program Files\Java\jdk1.5.0_10\jre\lib\charsets.jar;C:\Program Files\Java\jdk1.5.0_10\jre\classes" />
    <property name="ant.file.imported" value="C:\NCICB_SVN\caintegrator2\trunk\QA\junit\junitpdfreport_essentials_1_0\build-junitpdfreport.xml" />
    <property name="env.COMPUTERNAME" value="CBWAPP-P1001" />
    <property name="env.ALLUSERSPROFILE" value="C:\Documents and Settings\All Users" />
    <property name="sun.desktop" value="windows" />
    <property name="java.vm.specification.vendor" value="Sun Microsystems Inc." />
    <property name="ant.home" value="C:\eclipse-java-ganymede-SR2-win32\eclipse-java-ganymede-SR2-win32_zip\eclipse\plugins\org.apache.ant_1.7.0.v200803061910" />
    <property name="java.runtime.version" value="1.5.0_10-b03" />
    <property name="env.GLOBUS_LOCATION" value="C:\Globus\ws-core-4.0.3" />
    <property name="env.HOMEPATH" value="\" />
    <property name="env.HOMESHARE" value="\\nci6116g.nci.nih.gov\home" />
    <property name="user.name" value="boalt" />
    <property name="user.language" value="en" />
    <property name="sun.boot.library.path" value="C:\Program Files\Java\jdk1.5.0_10\jre\bin" />
    <property name="env.ClusterLog" value="C:\WINDOWS\Cluster\cluster.log" />
    <property name="ant.project.name" value="junit1" />
    <property name="java.version" value="1.5.0_10" />
    <property name="env.PROCESSOR_IDENTIFIER" value="x86 Family 15 Model 33 Stepping 2, AuthenticAMD" />
    <property name="user.timezone" value="" />
    <property name="env.CLIENTNAME" value="NCITS-P022" />
    <property name="env.TEMP" value="C:\DOCUME~1\boalt\LOCALS~1\Temp\1" />
    <property name="sun.arch.data.model" value="32" />
    <property name="java.endorsed.dirs" value="C:\Program Files\Java\jdk1.5.0_10\jre\lib\endorsed" />
    <property name="sun.cpu.isalist" value="" />
    <property name="env.HOMEDRIVE" value="Z:" />
    <property name="sun.jnu.encoding" value="Cp1252" />
    <property name="file.encoding.pkg" value="sun.io" />
    <property name="file.separator" value="\" />
    <property name="java.specification.name" value="Java Platform API Specification" />
    <property name="java.class.version" value="49.0" />
    <property name="user.country" value="US" />
    <property name="java.home" value="C:\Program Files\Java\jdk1.5.0_10\jre" />
    <property name="env.APPDATA" value="C:\Documents and Settings\boalt\Application Data" />
    <property name="java.vm.info" value="mixed mode" />
    <property name="env.ComSpec" value="C:\WINDOWS\system32\cmd.exe" />
    <property name="env.OS" value="Windows_NT" />
    <property name="ant.file.junit1" value="C:\Documents and Settings\boalt\workspace\junit1\build.xml" />
    <property name="env.CommonProgramFiles" value="C:\Program Files\Common Files" />
    <property name="ant.file" value="C:\Documents and Settings\boalt\workspace\junit1\build.xml" />
    <property name="os.version" value="5.2" />
    <property name="path.separator" value=";" />
    <property name="java.vm.version" value="1.5.0_10-b03" />
    <property name="user.variant" value="" />
    <property name="env.USERPROFILE" value="C:\Documents and Settings\boalt" />
    <property name="ant.library.dir" value="C:\eclipse-java-ganymede-SR2-win32\eclipse-java-ganymede-SR2-win32_zip\eclipse\plugins\org.apache.ant_1.7.0.v200803061910\lib" />
    <property name="junit.output.dir" value="junit" />
    <property name="env.JAVA_HOME" value="C:\Program Files\Java\jdk1.5.0_10" />
    <property name="java.awt.printerjob" value="sun.awt.windows.WPrinterJob" />
    <property name="env.TMP" value="C:\DOCUME~1\boalt\LOCALS~1\Temp\1" />
    <property name="sun.io.unicode.encoding" value="UnicodeLittle" />
    <property name="awt.toolkit" value="sun.awt.windows.WToolkit" />
    <property name="user.home" value="C:\Documents and Settings\boalt" />
    <property name="target" value="1.5" />
    <property name="env.SESSIONNAME" value="RDP-Tcp#2" />
    <property name="java.specification.vendor" value="Sun Microsystems Inc." />
    <property name="env.NUMBER_OF_PROCESSORS" value="4" />
    <property name="java.library.path" value="C:\Program Files\Java\jdk1.5.0_10\jre\bin;.;C:\WINDOWS\system32;C:\WINDOWS;C:/Program Files/Java/jdk1.5.0_10/bin/../jre/bin/client;C:/Program Files/Java/jdk1.5.0_10/bin/../jre/bin;C:\Program Files\CollabNet Subversion Client;C:\Program Files\Java\jdk1.5.0_10\bin;C:\usr\local\apache-ant-1.7.0\bin;C:\WINDOWS\system32;C:\WINDOWS;C:\WINDOWS\System32\Wbem;C:\Program Files\MySQL\MySQL Server 5.0\bin" />
    <property name="java.vendor.url" value="http://java.sun.com/" />
    <property name="env.USERDNSDOMAIN" value="NIH.GOV" />
    <property name="java.vm.vendor" value="Sun Microsystems Inc." />
    <property name="java.runtime.name" value="Java(TM) 2 Runtime Environment, Standard Edition" />
    <property name="java.class.path" value="C:\Documents and Settings\boalt\workspace\junit1\bin;C:\eclipse-java-ganymede-SR2-win32\eclipse-java-ganymede-SR2-win32_zip\eclipse\plugins\org.junit4_4.3.1\junit.jar;C:\Documents and Settings\boalt\workspace\junit1\lib\commons-codec-1.3.jar;C:\Documents and Settings\boalt\workspace\junit1\lib\commons-collections-3.2.1.jar;C:\Documents and Settings\boalt\workspace\junit1\lib\commons-httpclient-3.1.jar;C:\Documents and Settings\boalt\workspace\junit1\lib\commons-io-1.4.jar;C:\Documents and Settings\boalt\workspace\junit1\lib\commons-lang-2.4.jar;C:\Documents and Settings\boalt\workspace\junit1\lib\commons-logging-1.1.1.jar;C:\Documents and Settings\boalt\workspace\junit1\lib\cssparser-0.9.5.jar;C:\Documents and Settings\boalt\workspace\junit1\lib\htmlunit-2.5.jar;C:\Documents and Settings\boalt\workspace\junit1\lib\htmlunit-core-js-2.5.jar;C:\Documents and Settings\boalt\workspace\junit1\lib\json-20080701.jar;C:\Documents and Settings\boalt\workspace\junit1\lib\nekohtml-1.9.12.jar;C:\Documents and Settings\boalt\workspace\junit1\lib\sac-1.3.jar;C:\Documents and Settings\boalt\workspace\junit1\lib\selenium-java-client-driver-sources.jar;C:\Documents and Settings\boalt\workspace\junit1\lib\selenium-java-client-driver-test-sources.jar;C:\Documents and Settings\boalt\workspace\junit1\lib\selenium-java-client-driver-tests.jar;C:\Documents and Settings\boalt\workspace\junit1\lib\selenium-java-client-driver.jar;C:\Documents and Settings\boalt\workspace\junit1\lib\serializer-2.7.1.jar;C:\Documents and Settings\boalt\workspace\junit1\lib\webdriver-common-test.jar;C:\Documents and Settings\boalt\workspace\junit1\lib\webdriver-common.jar;C:\Documents and Settings\boalt\workspace\junit1\lib\webdriver-firefox.jar;C:\Documents and Settings\boalt\workspace\junit1\lib\webdriver-selenium.jar;C:\Documents and Settings\boalt\workspace\junit1\lib\xalan-2.7.1.jar;C:\Documents and Settings\boalt\workspace\junit1\lib\xercesImpl-2.8.1.jar;C:\Documents and Settings\boalt\workspace\junit1\lib\xml-apis-1.3.04.jar;C:\eclipse-java-ganymede-SR2-win32\eclipse-java-ganymede-SR2-win32_zip\eclipse\plugins\org.apache.ant_1.7.0.v200803061910\lib\ant-launcher.jar;C:\eclipse-java-ganymede-SR2-win32\eclipse-java-ganymede-SR2-win32_zip\eclipse\plugins\org.apache.ant_1.7.0.v200803061910\lib\ant.jar;C:\eclipse-java-ganymede-SR2-win32\eclipse-java-ganymede-SR2-win32_zip\eclipse\plugins\org.apache.ant_1.7.0.v200803061910\lib\ant-junit.jar" />
    <property name="ant.version" value="Apache Ant version 1.7.0 compiled on December 13 2006" />
    <property name="java.vm.specification.name" value="Java Virtual Machine Specification" />
    <property name="env.LOGONSERVER" value="\\NIHDCADHUB" />
    <property name="env.windir" value="C:\WINDOWS" />
    <property name="env.PROCESSOR_ARCHITECTURE" value="x86" />
    <property name="java.vm.specification.version" value="1.0" />
    <property name="sun.cpu.endian" value="little" />
    <property name="sun.os.patch.level" value="Service Pack 2" />
    <property name="debuglevel" value="source,lines,vars" />
    <property name="env.ProgramFiles" value="C:\Program Files" />
    <property name="env.ANT_HOME" value="C:\eclipse-java-ganymede-SR2-win32\eclipse-java-ganymede-SR2-win32_zip\eclipse\plugins\org.apache.ant_1.7.0.v200803061910" />
    <property name="env.PROCESSOR_REVISION" value="2102" />
    <property name="java.io.tmpdir" value="C:\DOCUME~1\boalt\LOCALS~1\Temp\1\" />
    <property name="java.vendor.url.bug" value="http://java.sun.com/cgi-bin/bugreport.cgi" />
    <property name="env.SystemRoot" value="C:\WINDOWS" />
    <property name="java.awt.graphicsenv" value="sun.awt.Win32GraphicsEnvironment" />
    <property name="os.arch" value="x86" />
    <property name="java.ext.dirs" value="C:\Program Files\Java\jdk1.5.0_10\jre\lib\ext" />
    <property name="user.dir" value="C:\Documents and Settings\boalt\workspace\junit1" />
    <property name="line.separator" value="
" />
    <property name="java.vm.name" value="Java HotSpot(TM) Client VM" />
    <property name="env.PATHEXT" value=".COM;.EXE;.BAT;.CMD;.VBS;.VBE;.JS;.JSE;.WSF;.WSH" />
    <property name="env.Path" value="C:/Program Files/Java/jdk1.5.0_10/bin/../jre/bin/client;C:/Program Files/Java/jdk1.5.0_10/bin/../jre/bin;C:\Program Files\CollabNet Subversion Client;C:\Program Files\Java\jdk1.5.0_10\bin;C:\usr\local\apache-ant-1.7.0\bin;C:\WINDOWS\system32;C:\WINDOWS;C:\WINDOWS\System32\Wbem;C:\Program Files\MySQL\MySQL Server 5.0\bin" />
    <property name="basedir" value="C:\Documents and Settings\boalt\workspace\junit1" />
    <property name="ant.java.version" value="1.5" />
    <property name="ant.core.lib" value="C:\eclipse-java-ganymede-SR2-win32\eclipse-java-ganymede-SR2-win32_zip\eclipse\plugins\org.apache.ant_1.7.0.v200803061910\lib\ant.jar" />
    <property name="env.USERNAME" value="boalt" />
    <property name="source" value="1.5" />
    <property name="env.SystemDrive" value="C:" />
    <property name="file.encoding" value="Cp1252" />
    <property name="env.USERDOMAIN" value="NIH" />
    <property name="imported.basedir" value="C:\NCICB_SVN\caintegrator2\trunk\QA\junit\junitpdfreport_essentials_1_0" />
    <property name="java.specification.version" value="1.5" />
    <property name="env.PROCESSOR_LEVEL" value="15" />
  </properties>
  <testcase classname="TestLogin" name="testManagerUSIDManagerPW" time="5.109" />
  <system-out><![CDATA[Test Case = Testlogin
Test = testManagerUSIDManagerPW
Summary = log in using 'manager/manager'
urlTested = http://cbvapp-q1015.nci.nih.gov:19080/caintegrator2/
]]></system-out>
  <system-err><![CDATA[]]></system-err>
</testsuite>
